# JRE version: Java(TM) SE Runtime Environment (8.0_91-b15) (build 1.8.0_91-b15)
# Java VM: Java HotSpot(TM) 64-Bit Server VM (25.91-b15 mixed mode windows-amd64 compressed oops)
Heap:
 PSYoungGen      total 845312K, used 34524K [0x0000000780000000, 0x00000007bfb80000, 0x00000007c0000000)
  eden space 653824K, 0% used [0x0000000780000000,0x0000000780000000,0x00000007a7e80000)
  from space 191488K, 18% used [0x00000007b4080000,0x00000007b6237018,0x00000007bfb80000)
  to   space 195072K, 0% used [0x00000007a7e80000,0x00000007a7e80000,0x00000007b3d00000)
 ParOldGen       total 519168K, used 452890K [0x0000000700000000, 0x000000071fb00000, 0x0000000780000000)
  object space 519168K, 87% used [0x0000000700000000,0x000000071ba46800,0x000000071fb00000)
 Metaspace       used 75593K, capacity 78692K, committed 78936K, reserved 1118208K
  class space    used 9943K, capacity 10533K, committed 10624K, reserved 1048576K
GC Heap History (10 events):
Event: 2417.023 GC heap after
Heap after GC invocations=52 (full 10):
 PSYoungGen      total 784384K, used 66293K [0x0000000780000000, 0x00000007be600000, 0x00000007c0000000)
  eden space 581632K, 0% used [0x0000000780000000,0x0000000780000000,0x00000007a3800000)
  from space 202752K, 32% used [0x00000007b2000000,0x00000007b60bd5f8,0x00000007be600000)
  to   space 220160K, 0% used [0x00000007a3800000,0x00000007a3800000,0x00000007b0f00000)
 ParOldGen       total 519168K, used 239209K [0x0000000700000000, 0x000000071fb00000, 0x0000000780000000)
  object space 519168K, 46% used [0x0000000700000000,0x000000070e99a770,0x000000071fb00000)
 Metaspace       used 74516K, capacity 77534K, committed 78040K, reserved 1116160K
  class space    used 9782K, capacity 10364K, committed 10496K, reserved 1048576K
}
Event: 2418.383 GC heap before
{Heap before GC invocations=53 (full 10):
 PSYoungGen      total 784384K, used 647925K [0x0000000780000000, 0x00000007be600000, 0x00000007c0000000)
  eden space 581632K, 100% used [0x0000000780000000,0x00000007a3800000,0x00000007a3800000)
  from space 202752K, 32% used [0x00000007b2000000,0x00000007b60bd5f8,0x00000007be600000)
  to   space 220160K, 0% used [0x00000007a3800000,0x00000007a3800000,0x00000007b0f00000)
 ParOldGen       total 519168K, used 239227K [0x0000000700000000, 0x000000071fb00000, 0x0000000780000000)
  object space 519168K, 46% used [0x0000000700000000,0x000000070e99ec88,0x000000071fb00000)
 Metaspace       used 74525K, capacity 77534K, committed 78040K, reserved 1116160K
  class space    used 9782K, capacity 10364K, committed 10496K, reserved 1048576K
Event: 2418.535 GC heap after
Heap after GC invocations=53 (full 10):
 PSYoungGen      total 801792K, used 73193K [0x0000000780000000, 0x00000007bfd00000, 0x00000007c0000000)
  eden space 581632K, 0% used [0x0000000780000000,0x0000000780000000,0x00000007a3800000)
  from space 220160K, 33% used [0x00000007a3800000,0x00000007a7f7a5b8,0x00000007b0f00000)
  to   space 209920K, 0% used [0x00000007b3000000,0x00000007b3000000,0x00000007bfd00000)
 ParOldGen       total 519168K, used 274199K [0x0000000700000000, 0x000000071fb00000, 0x0000000780000000)
  object space 519168K, 52% used [0x0000000700000000,0x0000000710bc5d68,0x000000071fb00000)
 Metaspace       used 74525K, capacity 77534K, committed 78040K, reserved 1116160K
  class space    used 9782K, capacity 10364K, committed 10496K, reserved 1048576K
}
Event: 2419.350 GC heap before
{Heap before GC invocations=54 (full 10):
 PSYoungGen      total 801792K, used 654825K [0x0000000780000000, 0x00000007bfd00000, 0x00000007c0000000)
  eden space 581632K, 100% used [0x0000000780000000,0x00000007a3800000,0x00000007a3800000)
  from space 220160K, 33% used [0x00000007a3800000,0x00000007a7f7a5b8,0x00000007b0f00000)
  to   space 209920K, 0% used [0x00000007b3000000,0x00000007b3000000,0x00000007bfd00000)
 ParOldGen       total 519168K, used 274200K [0x0000000700000000, 0x000000071fb00000, 0x0000000780000000)
  object space 519168K, 52% used [0x0000000700000000,0x0000000710bc63e0,0x000000071fb00000)
 Metaspace       used 74527K, capacity 77534K, committed 78040K, reserved 1116160K
  class space    used 9782K, capacity 10364K, committed 10496K, reserved 1048576K
Event: 2419.589 GC heap after
Heap after GC invocations=54 (full 10):
 PSYoungGen      total 798720K, used 85101K [0x0000000780000000, 0x00000007be000000, 0x00000007c0000000)
  eden space 618496K, 0% used [0x0000000780000000,0x0000000780000000,0x00000007a5c00000)
  from space 180224K, 47% used [0x00000007b3000000,0x00000007b831b580,0x00000007be000000)
  to   space 198656K, 0% used [0x00000007a5c00000,0x00000007a5c00000,0x00000007b1e00000)
 ParOldGen       total 519168K, used 344468K [0x0000000700000000, 0x000000071fb00000, 0x0000000780000000)
  object space 519168K, 66% used [0x0000000700000000,0x00000007150652d0,0x000000071fb00000)
 Metaspace       used 74527K, capacity 77534K, committed 78040K, reserved 1116160K
  class space    used 9782K, capacity 10364K, committed 10496K, reserved 1048576K
}
Event: 2421.841 GC heap before
{Heap before GC invocations=55 (full 10):
 PSYoungGen      total 798720K, used 703074K [0x0000000780000000, 0x00000007be000000, 0x00000007c0000000)
  eden space 618496K, 99% used [0x0000000780000000,0x00000007a5b7d508,0x00000007a5c00000)
  from space 180224K, 47% used [0x00000007b3000000,0x00000007b831b580,0x00000007be000000)
  to   space 198656K, 0% used [0x00000007a5c00000,0x00000007a5c00000,0x00000007b1e00000)
 ParOldGen       total 519168K, used 344468K [0x0000000700000000, 0x000000071fb00000, 0x0000000780000000)
  object space 519168K, 66% used [0x0000000700000000,0x00000007150652d0,0x000000071fb00000)
 Metaspace       used 74789K, capacity 77848K, committed 78040K, reserved 1116160K
  class space    used 9821K, capacity 10403K, committed 10496K, reserved 1048576K
Event: 2421.977 GC heap after
Heap after GC invocations=55 (full 10):
 PSYoungGen      total 817152K, used 110988K [0x0000000780000000, 0x00000007c0000000, 0x00000007c0000000)
  eden space 618496K, 0% used [0x0000000780000000,0x0000000780000000,0x00000007a5c00000)
  from space 198656K, 55% used [0x00000007a5c00000,0x00000007ac863230,0x00000007b1e00000)
  to   space 196096K, 0% used [0x00000007b4080000,0x00000007b4080000,0x00000007c0000000)
 ParOldGen       total 519168K, used 382355K [0x0000000700000000, 0x000000071fb00000, 0x0000000780000000)
  object space 519168K, 73% used [0x0000000700000000,0x0000000717564e58,0x000000071fb00000)
 Metaspace       used 74789K, capacity 77848K, committed 78040K, reserved 1116160K
  class space    used 9821K, capacity 10403K, committed 10496K, reserved 1048576K
}
Event: 2422.950 GC heap before
{Heap before GC invocations=56 (full 10):
 PSYoungGen      total 817152K, used 729331K [0x0000000780000000, 0x00000007c0000000, 0x00000007c0000000)
  eden space 618496K, 99% used [0x0000000780000000,0x00000007a5bd9cd0,0x00000007a5c00000)
  from space 198656K, 55% used [0x00000007a5c00000,0x00000007ac863230,0x00000007b1e00000)
  to   space 196096K, 0% used [0x00000007b4080000,0x00000007b4080000,0x00000007c0000000)
 ParOldGen       total 519168K, used 382355K [0x0000000700000000, 0x000000071fb00000, 0x0000000780000000)
  object space 519168K, 73% used [0x0000000700000000,0x0000000717564e58,0x000000071fb00000)
 Metaspace       used 75593K, capacity 78692K, committed 78936K, reserved 1118208K
  class space    used 9943K, capacity 10533K, committed 10624K, reserved 1048576K
Event: 2423.001 GC heap after
Heap after GC invocations=56 (full 10):
 PSYoungGen      total 845312K, used 34524K [0x0000000780000000, 0x00000007bfb80000, 0x00000007c0000000)
  eden space 653824K, 0% used [0x0000000780000000,0x0000000780000000,0x00000007a7e80000)
  from space 191488K, 18% used [0x00000007b4080000,0x00000007b6237018,0x00000007bfb80000)
  to   space 195072K, 0% used [0x00000007a7e80000,0x00000007a7e80000,0x00000007b3d00000)
 ParOldGen       total 519168K, used 452890K [0x0000000700000000, 0x000000071fb00000, 0x0000000780000000)
  object space 519168K, 87% used [0x0000000700000000,0x000000071ba46800,0x000000071fb00000)
 Metaspace       used 75593K, capacity 78692K, committed 78936K, reserved 1118208K
  class space    used 9943K, capacity 10533K, committed 10624K, reserved 1048576K
}
Event: 2423.001 GC heap before
{Heap before GC invocations=57 (full 11):
 PSYoungGen      total 845312K, used 34524K [0x0000000780000000, 0x00000007bfb80000, 0x00000007c0000000)
  eden space 653824K, 0% used [0x0000000780000000,0x0000000780000000,0x00000007a7e80000)
  from space 191488K, 18% used [0x00000007b4080000,0x00000007b6237018,0x00000007bfb80000)
  to   space 195072K, 0% used [0x00000007a7e80000,0x00000007a7e80000,0x00000007b3d00000)
 ParOldGen       total 519168K, used 452890K [0x0000000700000000, 0x000000071fb00000, 0x0000000780000000)
  object space 519168K, 87% used [0x0000000700000000,0x000000071ba46800,0x000000071fb00000)
 Metaspace       used 75593K, capacity 78692K, committed 78936K, reserved 1118208K
  class space    used 9943K, capacity 10533K, committed 10624K, reserved 1048576K

