# JRE version: Java(TM) SE Runtime Environment (8.0_91-b15) (build 1.8.0_91-b15)
# Java VM: Java HotSpot(TM) 64-Bit Server VM (25.91-b15 mixed mode windows-amd64 compressed oops)
Heap:
 PSYoungGen      total 850944K, used 769083K [0x0000000780000000, 0x00000007bf400000, 0x00000007c0000000)
  eden space 673792K, 100% used [0x0000000780000000,0x00000007a9200000,0x00000007a9200000)
  from space 177152K, 53% used [0x00000007b4700000,0x00000007ba40ef28,0x00000007bf400000)
  to   space 181248K, 54% used [0x00000007a9200000,0x00000007af2d5b60,0x00000007b4300000)
 ParOldGen       total 2097152K, used 2014088K [0x0000000700000000, 0x0000000780000000, 0x0000000780000000)
  object space 2097152K, 96% used [0x0000000700000000,0x000000077aee2150,0x0000000780000000)
 Metaspace       used 84669K, capacity 89956K, committed 91264K, reserved 1128448K
  class space    used 10250K, capacity 11047K, committed 11904K, reserved 1048576K
GC Heap History (10 events):
Event: 8519.547 GC heap after
Heap after GC invocations=110 (full 19):
 PSYoungGen      total 852992K, used 92054K [0x0000000780000000, 0x00000007c0000000, 0x00000007c0000000)
  eden space 657408K, 0% used [0x0000000780000000,0x0000000780000000,0x00000007a8200000)
  from space 195584K, 47% used [0x00000007a8200000,0x00000007adbe5a98,0x00000007b4100000)
  to   space 191488K, 0% used [0x00000007b4500000,0x00000007b4500000,0x00000007c0000000)
 ParOldGen       total 581632K, used 414849K [0x0000000700000000, 0x0000000723800000, 0x0000000780000000)
  object space 581632K, 71% used [0x0000000700000000,0x0000000719520750,0x0000000723800000)
 Metaspace       used 84665K, capacity 89956K, committed 91264K, reserved 1128448K
  class space    used 10250K, capacity 11047K, committed 11904K, reserved 1048576K
}
Event: 8520.659 GC heap before
{Heap before GC invocations=111 (full 19):
 PSYoungGen      total 852992K, used 749462K [0x0000000780000000, 0x00000007c0000000, 0x00000007c0000000)
  eden space 657408K, 100% used [0x0000000780000000,0x00000007a8200000,0x00000007a8200000)
  from space 195584K, 47% used [0x00000007a8200000,0x00000007adbe5a98,0x00000007b4100000)
  to   space 191488K, 0% used [0x00000007b4500000,0x00000007b4500000,0x00000007c0000000)
 ParOldGen       total 581632K, used 414849K [0x0000000700000000, 0x0000000723800000, 0x0000000780000000)
  object space 581632K, 71% used [0x0000000700000000,0x0000000719520750,0x0000000723800000)
 Metaspace       used 84665K, capacity 89956K, committed 91264K, reserved 1128448K
  class space    used 10250K, capacity 11047K, committed 11904K, reserved 1048576K
Event: 8520.889 GC heap after
Heap after GC invocations=111 (full 19):
 PSYoungGen      total 845824K, used 99391K [0x0000000780000000, 0x00000007bf900000, 0x00000007c0000000)
  eden space 661504K, 0% used [0x0000000780000000,0x0000000780000000,0x00000007a8600000)
  from space 184320K, 53% used [0x00000007b4500000,0x00000007ba60ffc8,0x00000007bf900000)
  to   space 189952K, 0% used [0x00000007a8600000,0x00000007a8600000,0x00000007b3f80000)
 ParOldGen       total 581632K, used 503471K [0x0000000700000000, 0x0000000723800000, 0x0000000780000000)
  object space 581632K, 86% used [0x0000000700000000,0x000000071ebabde8,0x0000000723800000)
 Metaspace       used 84665K, capacity 89956K, committed 91264K, reserved 1128448K
  class space    used 10250K, capacity 11047K, committed 11904K, reserved 1048576K
}
Event: 8520.889 GC heap before
{Heap before GC invocations=112 (full 20):
 PSYoungGen      total 845824K, used 99391K [0x0000000780000000, 0x00000007bf900000, 0x00000007c0000000)
  eden space 661504K, 0% used [0x0000000780000000,0x0000000780000000,0x00000007a8600000)
  from space 184320K, 53% used [0x00000007b4500000,0x00000007ba60ffc8,0x00000007bf900000)
  to   space 189952K, 0% used [0x00000007a8600000,0x00000007a8600000,0x00000007b3f80000)
 ParOldGen       total 581632K, used 503471K [0x0000000700000000, 0x0000000723800000, 0x0000000780000000)
  object space 581632K, 86% used [0x0000000700000000,0x000000071ebabde8,0x0000000723800000)
 Metaspace       used 84665K, capacity 89956K, committed 91264K, reserved 1128448K
  class space    used 10250K, capacity 11047K, committed 11904K, reserved 1048576K
Event: 8523.525 GC heap after
Heap after GC invocations=112 (full 20):
 PSYoungGen      total 845824K, used 0K [0x0000000780000000, 0x00000007bf900000, 0x00000007c0000000)
  eden space 661504K, 0% used [0x0000000780000000,0x0000000780000000,0x00000007a8600000)
  from space 184320K, 0% used [0x00000007b4500000,0x00000007b4500000,0x00000007bf900000)
  to   space 189952K, 0% used [0x00000007a8600000,0x00000007a8600000,0x00000007b3f80000)
 ParOldGen       total 893952K, used 516989K [0x0000000700000000, 0x0000000736900000, 0x0000000780000000)
  object space 893952K, 57% used [0x0000000700000000,0x000000071f8df470,0x0000000736900000)
 Metaspace       used 84665K, capacity 89956K, committed 91264K, reserved 1128448K
  class space    used 10250K, capacity 11047K, committed 11904K, reserved 1048576K
}
Event: 8524.147 GC heap before
{Heap before GC invocations=113 (full 20):
 PSYoungGen      total 845824K, used 661504K [0x0000000780000000, 0x00000007bf900000, 0x00000007c0000000)
  eden space 661504K, 100% used [0x0000000780000000,0x00000007a8600000,0x00000007a8600000)
  from space 184320K, 0% used [0x00000007b4500000,0x00000007b4500000,0x00000007bf900000)
  to   space 189952K, 0% used [0x00000007a8600000,0x00000007a8600000,0x00000007b3f80000)
 ParOldGen       total 893952K, used 516989K [0x0000000700000000, 0x0000000736900000, 0x0000000780000000)
  object space 893952K, 57% used [0x0000000700000000,0x000000071f8df470,0x0000000736900000)
 Metaspace       used 84665K, capacity 89956K, committed 91264K, reserved 1128448K
  class space    used 10250K, capacity 11047K, committed 11904K, reserved 1048576K
Event: 8524.251 GC heap after
Heap after GC invocations=113 (full 20):
 PSYoungGen      total 851456K, used 91192K [0x0000000780000000, 0x00000007bfb80000, 0x00000007c0000000)
  eden space 661504K, 0% used [0x0000000780000000,0x0000000780000000,0x00000007a8600000)
  from space 189952K, 48% used [0x00000007a8600000,0x00000007adf0e038,0x00000007b3f80000)
  to   space 184832K, 0% used [0x00000007b4700000,0x00000007b4700000,0x00000007bfb80000)
 ParOldGen       total 893952K, used 516989K [0x0000000700000000, 0x0000000736900000, 0x0000000780000000)
  object space 893952K, 57% used [0x0000000700000000,0x000000071f8df470,0x0000000736900000)
 Metaspace       used 84665K, capacity 89956K, committed 91264K, reserved 1128448K
  class space    used 10250K, capacity 11047K, committed 11904K, reserved 1048576K
}
Event: 8524.893 GC heap before
{Heap before GC invocations=114 (full 20):
 PSYoungGen      total 851456K, used 752696K [0x0000000780000000, 0x00000007bfb80000, 0x00000007c0000000)
  eden space 661504K, 100% used [0x0000000780000000,0x00000007a8600000,0x00000007a8600000)
  from space 189952K, 48% used [0x00000007a8600000,0x00000007adf0e038,0x00000007b3f80000)
  to   space 184832K, 0% used [0x00000007b4700000,0x00000007b4700000,0x00000007bfb80000)
 ParOldGen       total 893952K, used 516989K [0x0000000700000000, 0x0000000736900000, 0x0000000780000000)
  object space 893952K, 57% used [0x0000000700000000,0x000000071f8df470,0x0000000736900000)
 Metaspace       used 84669K, capacity 89956K, committed 91264K, reserved 1128448K
  class space    used 10250K, capacity 11047K, committed 11904K, reserved 1048576K
Event: 8525.317 GC heap after
Heap after GC invocations=114 (full 20):
 PSYoungGen      total 850944K, used 95291K [0x0000000780000000, 0x00000007bf400000, 0x00000007c0000000)
  eden space 673792K, 0% used [0x0000000780000000,0x0000000780000000,0x00000007a9200000)
  from space 177152K, 53% used [0x00000007b4700000,0x00000007ba40ef28,0x00000007bf400000)
  to   space 181248K, 0% used [0x00000007a9200000,0x00000007a9200000,0x00000007b4300000)
 ParOldGen       total 893952K, used 601440K [0x0000000700000000, 0x0000000736900000, 0x0000000780000000)
  object space 893952K, 67% used [0x0000000700000000,0x0000000724b58108,0x0000000736900000)
 Metaspace       used 84669K, capacity 89956K, committed 91264K, reserved 1128448K
  class space    used 10250K, capacity 11047K, committed 11904K, reserved 1048576K
}
Event: 8525.990 GC heap before
{Heap before GC invocations=115 (full 20):
 PSYoungGen      total 850944K, used 769083K [0x0000000780000000, 0x00000007bf400000, 0x00000007c0000000)
  eden space 673792K, 100% used [0x0000000780000000,0x00000007a9200000,0x00000007a9200000)
  from space 177152K, 53% used [0x00000007b4700000,0x00000007ba40ef28,0x00000007bf400000)
  to   space 181248K, 0% used [0x00000007a9200000,0x00000007a9200000,0x00000007b4300000)
 ParOldGen       total 893952K, used 601440K [0x0000000700000000, 0x0000000736900000, 0x0000000780000000)
  object space 893952K, 67% used [0x0000000700000000,0x0000000724b58108,0x0000000736900000)
 Metaspace       used 84669K, capacity 89956K, committed 91264K, reserved 1128448K
  class space    used 10250K, capacity 11047K, committed 11904K, reserved 1048576K

